[     695ms] [ERROR] Failed to fetch notifications Error: Failed to fetch
    at request (http://localhost:5173/src/api.js?t=1774793257123:36:11)
    at async fetchNotifications (http://localhost:5173/src/components/NotificationBell.jsx?t=1774793257123:44:24) @ http://localhost:5173/src/components/NotificationBell.jsx?t=1774793257123:46
[ 3240674ms] [ERROR] Failed to load resource: the server responded with a status of 500 (Internal Server Error) @ http://localhost:5173/src/index.css?t=1774803697464:0
[ 3240696ms] [ERROR] Failed to load resource: the server responded with a status of 500 (Internal Server Error) @ http://localhost:5173/src/index.css?t=1774803697564:0
[ 3240697ms] [ERROR] Failed to load resource: the server responded with a status of 500 (Internal Server Error) @ http://localhost:5173/src/index.css?t=1774803697700:0
[ 3240743ms] [ERROR] [hmr] Failed to reload /src/index.css. This could be due to syntax errors or importing non-existent modules. (see errors above) @ http://localhost:5173/@vite/client:175
[ 3240756ms] [ERROR] [hmr] Failed to reload /src/index.css. This could be due to syntax errors or importing non-existent modules. (see errors above) @ http://localhost:5173/@vite/client:175
[ 3240757ms] [ERROR] [hmr] Failed to reload /src/index.css. This could be due to syntax errors or importing non-existent modules. (see errors above) @ http://localhost:5173/@vite/client:175
[ 3705105ms] [ERROR] Failed to load resource: net::ERR_CONNECTION_REFUSED @ http://localhost:3000/api/notifications:0
[ 3705204ms] [ERROR] Failed to fetch notifications Error: Failed to fetch
    at request (http://localhost:5173/src/api.js?t=1774793257123:36:11)
    at async fetchNotifications (http://localhost:5173/src/components/NotificationBell.jsx?t=1774793257123:44:24) @ http://localhost:5173/src/components/NotificationBell.jsx?t=1774793257123:46
[ 3742723ms] [ERROR] Failed to fetch notifications Error: Request timed out. Check that the gateway and services are running.
    at request (http://localhost:5173/src/api.js?t=1774793257123:34:13)
    at async fetchNotifications (http://localhost:5173/src/components/NotificationBell.jsx?t=1774793257123:44:24) @ http://localhost:5173/src/components/NotificationBell.jsx?t=1774793257123:46
[ 3795088ms] [ERROR] Failed to load resource: net::ERR_CONNECTION_REFUSED @ http://localhost:3000/api/notifications:0
[ 3795122ms] [ERROR] Failed to fetch notifications Error: Failed to fetch
    at request (http://localhost:5173/src/api.js?t=1774793257123:36:11)
    at async fetchNotifications (http://localhost:5173/src/components/NotificationBell.jsx?t=1774793257123:44:24) @ http://localhost:5173/src/components/NotificationBell.jsx?t=1774793257123:46
[ 5389279ms] ReferenceError: Router is not defined
    at App (http://localhost:5173/src/App.jsx?t=1774805846259:520:182)
    at renderWithHooks (http://localhost:5173/node_modules/.vite/deps/chunk-UIJWJSMV.js?v=e56e6e77:11546:26)
    at updateFunctionComponent (http://localhost:5173/node_modules/.vite/deps/chunk-UIJWJSMV.js?v=e56e6e77:14580:28)
    at beginWork (http://localhost:5173/node_modules/.vite/deps/chunk-UIJWJSMV.js?v=e56e6e77:15922:22)
    at HTMLUnknownElement.callCallback2 (http://localhost:5173/node_modules/.vite/deps/chunk-UIJWJSMV.js?v=e56e6e77:3672:22)
    at Object.invokeGuardedCallbackDev (http://localhost:5173/node_modules/.vite/deps/chunk-UIJWJSMV.js?v=e56e6e77:3697:24)
    at invokeGuardedCallback (http://localhost:5173/node_modules/.vite/deps/chunk-UIJWJSMV.js?v=e56e6e77:3731:39)
    at beginWork$1 (http://localhost:5173/node_modules/.vite/deps/chunk-UIJWJSMV.js?v=e56e6e77:19763:15)
    at performUnitOfWork (http://localhost:5173/node_modules/.vite/deps/chunk-UIJWJSMV.js?v=e56e6e77:19196:20)
    at workLoopSync (http://localhost:5173/node_modules/.vite/deps/chunk-UIJWJSMV.js?v=e56e6e77:19135:13)
[ 5389310ms] ReferenceError: Router is not defined
    at App (http://localhost:5173/src/App.jsx?t=1774805846259:520:182)
    at renderWithHooks (http://localhost:5173/node_modules/.vite/deps/chunk-UIJWJSMV.js?v=e56e6e77:11546:26)
    at updateFunctionComponent (http://localhost:5173/node_modules/.vite/deps/chunk-UIJWJSMV.js?v=e56e6e77:14580:28)
    at beginWork (http://localhost:5173/node_modules/.vite/deps/chunk-UIJWJSMV.js?v=e56e6e77:15922:22)
    at HTMLUnknownElement.callCallback2 (http://localhost:5173/node_modules/.vite/deps/chunk-UIJWJSMV.js?v=e56e6e77:3672:22)
    at Object.invokeGuardedCallbackDev (http://localhost:5173/node_modules/.vite/deps/chunk-UIJWJSMV.js?v=e56e6e77:3697:24)
    at invokeGuardedCallback (http://localhost:5173/node_modules/.vite/deps/chunk-UIJWJSMV.js?v=e56e6e77:3731:39)
    at beginWork$1 (http://localhost:5173/node_modules/.vite/deps/chunk-UIJWJSMV.js?v=e56e6e77:19763:15)
    at performUnitOfWork (http://localhost:5173/node_modules/.vite/deps/chunk-UIJWJSMV.js?v=e56e6e77:19196:20)
    at workLoopSync (http://localhost:5173/node_modules/.vite/deps/chunk-UIJWJSMV.js?v=e56e6e77:19135:13)
[ 5389297ms] [ERROR] The above error occurred in the <App> component:

    at App (http://localhost:5173/src/App.jsx?t=1774805846259:519:39)

Consider adding an error boundary to your tree to customize error handling behavior.
Visit https://reactjs.org/link/error-boundaries to learn more about error boundaries. @ http://localhost:5173/node_modules/.vite/deps/chunk-UIJWJSMV.js?v=e56e6e77:14029
[ 5389319ms] ReferenceError: Router is not defined
    at App (http://localhost:5173/src/App.jsx?t=1774805846259:520:182)
    at renderWithHooks (http://localhost:5173/node_modules/.vite/deps/chunk-UIJWJSMV.js?v=e56e6e77:11546:26)
    at updateFunctionComponent (http://localhost:5173/node_modules/.vite/deps/chunk-UIJWJSMV.js?v=e56e6e77:14580:28)
    at beginWork (http://localhost:5173/node_modules/.vite/deps/chunk-UIJWJSMV.js?v=e56e6e77:15922:22)
    at beginWork$1 (http://localhost:5173/node_modules/.vite/deps/chunk-UIJWJSMV.js?v=e56e6e77:19751:22)
    at performUnitOfWork (http://localhost:5173/node_modules/.vite/deps/chunk-UIJWJSMV.js?v=e56e6e77:19196:20)
    at workLoopSync (http://localhost:5173/node_modules/.vite/deps/chunk-UIJWJSMV.js?v=e56e6e77:19135:13)
    at renderRootSync (http://localhost:5173/node_modules/.vite/deps/chunk-UIJWJSMV.js?v=e56e6e77:19114:15)
    at recoverFromConcurrentError (http://localhost:5173/node_modules/.vite/deps/chunk-UIJWJSMV.js?v=e56e6e77:18734:28)
    at performSyncWorkOnRoot (http://localhost:5173/node_modules/.vite/deps/chunk-UIJWJSMV.js?v=e56e6e77:18877:28)
[ 7353502ms] [ERROR] Failed to load resource: net::ERR_CONNECTION_REFUSED @ http://localhost:3000/api/notifications:0
[ 7353607ms] [ERROR] Failed to fetch notifications Error: Failed to fetch
    at request (http://localhost:5173/src/api.js?t=1774793257123:36:11)
    at async fetchNotifications (http://localhost:5173/src/components/NotificationBell.jsx?t=1774793257123:44:24) @ http://localhost:5173/src/components/NotificationBell.jsx?t=1774793257123:46
[10620800ms] [ERROR] Failed to load resource: the server responded with a status of 503 (Service Unavailable) @ http://localhost:3000/api/notifications:0
[10620821ms] [ERROR] Failed to fetch notifications Error: Service crm unavailable
    at request (http://localhost:5173/src/api.js?t=1774793257123:53:11)
    at async fetchNotifications (http://localhost:5173/src/components/NotificationBell.jsx?t=1774793257123:44:24) @ http://localhost:5173/src/components/NotificationBell.jsx?t=1774793257123:46
[10951980ms] [ERROR] Failed to load resource: the server responded with a status of 503 (Service Unavailable) @ http://localhost:3000/api/notifications:0
[10952029ms] [ERROR] Failed to fetch notifications Error: Service crm unavailable
    at request (http://localhost:5173/src/api.js?t=1774793257123:53:11)
    at async fetchNotifications (http://localhost:5173/src/components/NotificationBell.jsx?t=1774793257123:44:24) @ http://localhost:5173/src/components/NotificationBell.jsx?t=1774793257123:46
[11014130ms] [ERROR] Failed to load resource: the server responded with a status of 503 (Service Unavailable) @ http://localhost:3000/api/notifications:0
[11014425ms] [ERROR] Failed to fetch notifications Error: Service crm unavailable
    at request (http://localhost:5173/src/api.js?t=1774793257123:53:11)
    at async fetchNotifications (http://localhost:5173/src/components/NotificationBell.jsx?t=1774793257123:44:24) @ http://localhost:5173/src/components/NotificationBell.jsx?t=1774793257123:46
[11041565ms] [ERROR] Failed to load resource: the server responded with a status of 503 (Service Unavailable) @ http://localhost:3000/api/notifications:0
[11041591ms] [ERROR] Failed to fetch notifications Error: Service crm unavailable
    at request (http://localhost:5173/src/api.js?t=1774793257123:53:11)
    at async fetchNotifications (http://localhost:5173/src/components/NotificationBell.jsx?t=1774793257123:44:24) @ http://localhost:5173/src/components/NotificationBell.jsx?t=1774793257123:46
[12792147ms] [ERROR] Failed to load resource: the server responded with a status of 404 (Not Found) @ http://localhost:5173/src/components/DataTable.jsx?t=1774813249759:0
[12792161ms] [ERROR] [hmr] Failed to reload /src/components/DataTable.jsx. This could be due to syntax errors or importing non-existent modules. (see errors above) @ http://localhost:5173/@vite/client:175
[12820010ms] [ERROR] Failed to load resource: the server responded with a status of 404 (Not Found) @ http://localhost:5173/src/App.jsx?t=1774813277818:0
[12820012ms] [ERROR] [hmr] Failed to reload /src/App.jsx. This could be due to syntax errors or importing non-existent modules. (see errors above) @ http://localhost:5173/@vite/client:175
[12893399ms] [ERROR] Failed to fetch notifications Error: Request timed out. Check that the gateway and services are running.
    at request (http://localhost:5173/src/api.js?t=1774793257123:34:13)
    at async fetchNotifications (http://localhost:5173/src/components/NotificationBell.jsx?t=1774793257123:44:24) @ http://localhost:5173/src/components/NotificationBell.jsx?t=1774793257123:46
[12893423ms] [ERROR] Failed to fetch notifications Error: Request timed out. Check that the gateway and services are running.
    at request (http://localhost:5173/src/api.js?t=1774793257123:34:13)
    at async fetchNotifications (http://localhost:5173/src/components/NotificationBell.jsx?t=1774793257123:44:24) @ http://localhost:5173/src/components/NotificationBell.jsx?t=1774793257123:46
[12894450ms] [ERROR] Failed to load resource: the server responded with a status of 404 (Not Found) @ http://localhost:5173/src/pages/Customers.jsx?t=1774813352203:0
[12894451ms] [ERROR] [hmr] Failed to reload /src/pages/Customers.jsx. This could be due to syntax errors or importing non-existent modules. (see errors above) @ http://localhost:5173/@vite/client:175
[13057892ms] [ERROR] Failed to load resource: the server responded with a status of 404 (Not Found) @ http://localhost:5173/src/pages/Vehicles.jsx?t=1774813514931:0
[13057902ms] [ERROR] [hmr] Failed to reload /src/pages/Vehicles.jsx. This could be due to syntax errors or importing non-existent modules. (see errors above) @ http://localhost:5173/@vite/client:175
[13168408ms] [ERROR] Failed to load resource: the server responded with a status of 404 (Not Found) @ http://localhost:5173/src/pages/Finance.jsx?t=1774813626184:0
[13168411ms] [ERROR] [hmr] Failed to reload /src/pages/Finance.jsx. This could be due to syntax errors or importing non-existent modules. (see errors above) @ http://localhost:5173/@vite/client:175
[13267022ms] [ERROR] Failed to load resource: the server responded with a status of 404 (Not Found) @ http://localhost:5173/src/pages/Marketing.jsx?t=1774813724816:0
[13267035ms] [ERROR] [hmr] Failed to reload /src/pages/Marketing.jsx. This could be due to syntax errors or importing non-existent modules. (see errors above) @ http://localhost:5173/@vite/client:175
[13362484ms] [ERROR] Failed to load resource: the server responded with a status of 404 (Not Found) @ http://localhost:5173/src/pages/Partners.jsx?t=1774813820272:0
[13362487ms] [ERROR] [hmr] Failed to reload /src/pages/Partners.jsx. This could be due to syntax errors or importing non-existent modules. (see errors above) @ http://localhost:5173/@vite/client:175
[13453863ms] [ERROR] Failed to load resource: the server responded with a status of 404 (Not Found) @ http://localhost:5173/src/pages/Deals.jsx?t=1774813911649:0
[13453864ms] [ERROR] [hmr] Failed to reload /src/pages/Deals.jsx. This could be due to syntax errors or importing non-existent modules. (see errors above) @ http://localhost:5173/@vite/client:175
[14565317ms] [ERROR] Failed to load resource: the server responded with a status of 503 (Service Unavailable) @ http://localhost:3000/api/notifications:0
[14565484ms] [ERROR] Failed to fetch notifications Error: Service crm unavailable
    at request (http://localhost:5173/src/api.js?t=1774793257123:53:11)
    at async fetchNotifications (http://localhost:5173/src/components/NotificationBell.jsx?t=1774793257123:44:24) @ http://localhost:5173/src/components/NotificationBell.jsx?t=1774793257123:46
[14626738ms] [ERROR] Failed to load resource: the server responded with a status of 503 (Service Unavailable) @ http://localhost:3000/api/notifications:0
[14626763ms] [ERROR] Failed to fetch notifications Error: Service crm unavailable
    at request (http://localhost:5173/src/api.js?t=1774793257123:53:11)
    at async fetchNotifications (http://localhost:5173/src/components/NotificationBell.jsx?t=1774793257123:44:24) @ http://localhost:5173/src/components/NotificationBell.jsx?t=1774793257123:46
