[   53100ms] [ERROR] Failed to load resource: the server responded with a status of 503 (Service Unavailable) @ http://localhost:3000/api/customers:0
[   53306ms] [ERROR] Failed to load resource: the server responded with a status of 503 (Service Unavailable) @ http://localhost:3000/api/notifications:0
[   53308ms] [ERROR] Failed to fetch notifications Error: Service crm unavailable
    at request (http://localhost:5173/src/api.js?t=1774793257123:53:11)
    at async fetchNotifications (http://localhost:5173/src/components/NotificationBell.jsx?t=1774793257123:44:24) @ http://localhost:5173/src/components/NotificationBell.jsx?t=1774793257123:46
[   54366ms] [ERROR] Failed to load resource: the server responded with a status of 503 (Service Unavailable) @ http://localhost:3000/api/audit:0
[   56904ms] [ERROR] Failed to load resource: the server responded with a status of 503 (Service Unavailable) @ http://localhost:3000/api/customers:0
[   57496ms] [ERROR] Failed to load resource: the server responded with a status of 503 (Service Unavailable) @ http://localhost:3000/api/notifications:0
[   57498ms] [ERROR] Failed to fetch notifications Error: Service crm unavailable
    at request (http://localhost:5173/src/api.js?t=1774793257123:53:11)
    at async fetchNotifications (http://localhost:5173/src/components/NotificationBell.jsx?t=1774793257123:44:24) @ http://localhost:5173/src/components/NotificationBell.jsx?t=1774793257123:46
[   57823ms] [ERROR] Failed to load resource: the server responded with a status of 503 (Service Unavailable) @ http://localhost:3000/api/audit:0
[   79263ms] [ERROR] Failed to load resource: the server responded with a status of 503 (Service Unavailable) @ http://localhost:3000/api/notifications:0
[   79314ms] [ERROR] Failed to fetch notifications Error: Service crm unavailable
    at request (http://localhost:5173/src/api.js?t=1774793257123:53:11)
    at async fetchNotifications (http://localhost:5173/src/components/NotificationBell.jsx?t=1774793257123:44:24) @ http://localhost:5173/src/components/NotificationBell.jsx?t=1774793257123:46
[  111236ms] [ERROR] Failed to load resource: net::ERR_CONNECTION_REFUSED @ http://localhost:3000/api/notifications:0
[  111266ms] [ERROR] Failed to fetch notifications Error: Failed to fetch
    at request (http://localhost:5173/src/api.js?t=1774793257123:36:11)
    at async fetchNotifications (http://localhost:5173/src/components/NotificationBell.jsx?t=1774793257123:44:24) @ http://localhost:5173/src/components/NotificationBell.jsx?t=1774793257123:46
[  139540ms] [ERROR] Failed to load resource: the server responded with a status of 503 (Service Unavailable) @ http://localhost:3000/api/notifications:0
[  139693ms] [ERROR] Failed to fetch notifications Error: Service crm unavailable
    at request (http://localhost:5173/src/api.js?t=1774793257123:53:11)
    at async fetchNotifications (http://localhost:5173/src/components/NotificationBell.jsx?t=1774793257123:44:24) @ http://localhost:5173/src/components/NotificationBell.jsx?t=1774793257123:46
[ 1902165ms] [ERROR] Failed to load resource: the server responded with a status of 404 (Not Found) @ http://localhost:5173/src/components/DataTable.jsx?t=1774813249759:0
[ 1902169ms] [ERROR] [hmr] Failed to reload /src/components/DataTable.jsx. This could be due to syntax errors or importing non-existent modules. (see errors above) @ http://localhost:5173/@vite/client:175
[ 1930021ms] [ERROR] Failed to load resource: the server responded with a status of 404 (Not Found) @ http://localhost:5173/src/App.jsx?t=1774813277818:0
[ 1930022ms] [ERROR] [hmr] Failed to reload /src/App.jsx. This could be due to syntax errors or importing non-existent modules. (see errors above) @ http://localhost:5173/@vite/client:175
[ 2003354ms] [ERROR] Failed to fetch notifications Error: Request timed out. Check that the gateway and services are running.
    at request (http://localhost:5173/src/api.js?t=1774793257123:34:13)
    at async fetchNotifications (http://localhost:5173/src/components/NotificationBell.jsx?t=1774793257123:44:24) @ http://localhost:5173/src/components/NotificationBell.jsx?t=1774793257123:46
[ 2003442ms] [ERROR] Failed to fetch notifications Error: Request timed out. Check that the gateway and services are running.
    at request (http://localhost:5173/src/api.js?t=1774793257123:34:13)
    at async fetchNotifications (http://localhost:5173/src/components/NotificationBell.jsx?t=1774793257123:44:24) @ http://localhost:5173/src/components/NotificationBell.jsx?t=1774793257123:46
[ 2004480ms] [ERROR] Failed to load resource: the server responded with a status of 404 (Not Found) @ http://localhost:5173/src/pages/Customers.jsx?t=1774813352203:0
[ 2004481ms] [ERROR] [hmr] Failed to reload /src/pages/Customers.jsx. This could be due to syntax errors or importing non-existent modules. (see errors above) @ http://localhost:5173/@vite/client:175
[ 2167956ms] [ERROR] Failed to load resource: the server responded with a status of 404 (Not Found) @ http://localhost:5173/src/pages/Vehicles.jsx?t=1774813514931:0
[ 2167959ms] [ERROR] [hmr] Failed to reload /src/pages/Vehicles.jsx. This could be due to syntax errors or importing non-existent modules. (see errors above) @ http://localhost:5173/@vite/client:175
[ 2278428ms] [ERROR] Failed to load resource: the server responded with a status of 404 (Not Found) @ http://localhost:5173/src/pages/Finance.jsx?t=1774813626184:0
[ 2278431ms] [ERROR] [hmr] Failed to reload /src/pages/Finance.jsx. This could be due to syntax errors or importing non-existent modules. (see errors above) @ http://localhost:5173/@vite/client:175
[ 2377054ms] [ERROR] Failed to load resource: the server responded with a status of 404 (Not Found) @ http://localhost:5173/src/pages/Marketing.jsx?t=1774813724816:0
[ 2377056ms] [ERROR] [hmr] Failed to reload /src/pages/Marketing.jsx. This could be due to syntax errors or importing non-existent modules. (see errors above) @ http://localhost:5173/@vite/client:175
[ 2472474ms] [ERROR] Failed to load resource: the server responded with a status of 404 (Not Found) @ http://localhost:5173/src/pages/Partners.jsx?t=1774813820272:0
[ 2472481ms] [ERROR] [hmr] Failed to reload /src/pages/Partners.jsx. This could be due to syntax errors or importing non-existent modules. (see errors above) @ http://localhost:5173/@vite/client:175
[ 2563878ms] [ERROR] Failed to load resource: the server responded with a status of 404 (Not Found) @ http://localhost:5173/src/pages/Deals.jsx?t=1774813911649:0
[ 2563881ms] [ERROR] [hmr] Failed to reload /src/pages/Deals.jsx. This could be due to syntax errors or importing non-existent modules. (see errors above) @ http://localhost:5173/@vite/client:175
[ 3675320ms] [ERROR] Failed to load resource: the server responded with a status of 503 (Service Unavailable) @ http://localhost:3000/api/notifications:0
[ 3675485ms] [ERROR] Failed to fetch notifications Error: Service crm unavailable
    at request (http://localhost:5173/src/api.js?t=1774793257123:53:11)
    at async fetchNotifications (http://localhost:5173/src/components/NotificationBell.jsx?t=1774793257123:44:24) @ http://localhost:5173/src/components/NotificationBell.jsx?t=1774793257123:46
[ 3736587ms] [ERROR] Failed to load resource: the server responded with a status of 503 (Service Unavailable) @ http://localhost:3000/api/notifications:0
[ 3736601ms] [ERROR] Failed to fetch notifications Error: Service crm unavailable
    at request (http://localhost:5173/src/api.js?t=1774793257123:53:11)
    at async fetchNotifications (http://localhost:5173/src/components/NotificationBell.jsx?t=1774793257123:44:24) @ http://localhost:5173/src/components/NotificationBell.jsx?t=1774793257123:46
