[ 1590264ms] [ERROR] Failed to load resource: the server responded with a status of 404 (Not Found) @ http://localhost:5173/src/components/DataTable.jsx?t=1774813249759:0
[ 1590269ms] [ERROR] [hmr] Failed to reload /src/components/DataTable.jsx. This could be due to syntax errors or importing non-existent modules. (see errors above) @ http://localhost:5173/@vite/client:175
[ 1618107ms] [ERROR] Failed to load resource: the server responded with a status of 404 (Not Found) @ http://localhost:5173/src/App.jsx?t=1774813277818:0
[ 1618108ms] [ERROR] [hmr] Failed to reload /src/App.jsx. This could be due to syntax errors or importing non-existent modules. (see errors above) @ http://localhost:5173/@vite/client:175
[ 1691284ms] [ERROR] Failed to fetch notifications Error: Request timed out. Check that the gateway and services are running.
    at request (http://localhost:5173/src/api.js?t=1774793257123:34:13)
    at async fetchNotifications (http://localhost:5173/src/components/NotificationBell.jsx?t=1774793257123:44:24) @ http://localhost:5173/src/components/NotificationBell.jsx?t=1774793257123:46
[ 1691406ms] [ERROR] Failed to fetch notifications Error: Request timed out. Check that the gateway and services are running.
    at request (http://localhost:5173/src/api.js?t=1774793257123:34:13)
    at async fetchNotifications (http://localhost:5173/src/components/NotificationBell.jsx?t=1774793257123:44:24) @ http://localhost:5173/src/components/NotificationBell.jsx?t=1774793257123:46
[ 1692570ms] [ERROR] Failed to load resource: the server responded with a status of 404 (Not Found) @ http://localhost:5173/src/pages/Customers.jsx?t=1774813352203:0
[ 1692575ms] [ERROR] [hmr] Failed to reload /src/pages/Customers.jsx. This could be due to syntax errors or importing non-existent modules. (see errors above) @ http://localhost:5173/@vite/client:175
[ 1856048ms] [ERROR] Failed to load resource: the server responded with a status of 404 (Not Found) @ http://localhost:5173/src/pages/Vehicles.jsx?t=1774813514931:0
[ 1856060ms] [ERROR] [hmr] Failed to reload /src/pages/Vehicles.jsx. This could be due to syntax errors or importing non-existent modules. (see errors above) @ http://localhost:5173/@vite/client:175
[ 1966496ms] [ERROR] Failed to load resource: the server responded with a status of 404 (Not Found) @ http://localhost:5173/src/pages/Finance.jsx?t=1774813626184:0
[ 1966502ms] [ERROR] [hmr] Failed to reload /src/pages/Finance.jsx. This could be due to syntax errors or importing non-existent modules. (see errors above) @ http://localhost:5173/@vite/client:175
[ 2065144ms] [ERROR] Failed to load resource: the server responded with a status of 404 (Not Found) @ http://localhost:5173/src/pages/Marketing.jsx?t=1774813724816:0
[ 2065145ms] [ERROR] [hmr] Failed to reload /src/pages/Marketing.jsx. This could be due to syntax errors or importing non-existent modules. (see errors above) @ http://localhost:5173/@vite/client:175
[ 2160562ms] [ERROR] Failed to load resource: the server responded with a status of 404 (Not Found) @ http://localhost:5173/src/pages/Partners.jsx?t=1774813820272:0
[ 2160569ms] [ERROR] [hmr] Failed to reload /src/pages/Partners.jsx. This could be due to syntax errors or importing non-existent modules. (see errors above) @ http://localhost:5173/@vite/client:175
[ 2251972ms] [ERROR] Failed to load resource: the server responded with a status of 404 (Not Found) @ http://localhost:5173/src/pages/Deals.jsx?t=1774813911649:0
[ 2251984ms] [ERROR] [hmr] Failed to reload /src/pages/Deals.jsx. This could be due to syntax errors or importing non-existent modules. (see errors above) @ http://localhost:5173/@vite/client:175
[ 3363407ms] [ERROR] Failed to load resource: the server responded with a status of 503 (Service Unavailable) @ http://localhost:3000/api/notifications:0
[ 3363573ms] [ERROR] Failed to fetch notifications Error: Service crm unavailable
    at request (http://localhost:5173/src/api.js?t=1774793257123:53:11)
    at async fetchNotifications (http://localhost:5173/src/components/NotificationBell.jsx?t=1774793257123:44:24) @ http://localhost:5173/src/components/NotificationBell.jsx?t=1774793257123:46
[ 3424518ms] [ERROR] Failed to load resource: the server responded with a status of 503 (Service Unavailable) @ http://localhost:3000/api/notifications:0
[ 3424576ms] [ERROR] Failed to fetch notifications Error: Service crm unavailable
    at request (http://localhost:5173/src/api.js?t=1774793257123:53:11)
    at async fetchNotifications (http://localhost:5173/src/components/NotificationBell.jsx?t=1774793257123:44:24) @ http://localhost:5173/src/components/NotificationBell.jsx?t=1774793257123:46
