[    8798ms] ReferenceError: Router is not defined
    at App (http://localhost:5173/src/App.jsx?t=1774805846259:520:182)
    at renderWithHooks (http://localhost:5173/node_modules/.vite/deps/chunk-UIJWJSMV.js?v=e56e6e77:11546:26)
    at mountIndeterminateComponent (http://localhost:5173/node_modules/.vite/deps/chunk-UIJWJSMV.js?v=e56e6e77:14924:21)
    at beginWork (http://localhost:5173/node_modules/.vite/deps/chunk-UIJWJSMV.js?v=e56e6e77:15912:22)
    at HTMLUnknownElement.callCallback2 (http://localhost:5173/node_modules/.vite/deps/chunk-UIJWJSMV.js?v=e56e6e77:3672:22)
    at Object.invokeGuardedCallbackDev (http://localhost:5173/node_modules/.vite/deps/chunk-UIJWJSMV.js?v=e56e6e77:3697:24)
    at invokeGuardedCallback (http://localhost:5173/node_modules/.vite/deps/chunk-UIJWJSMV.js?v=e56e6e77:3731:39)
    at beginWork$1 (http://localhost:5173/node_modules/.vite/deps/chunk-UIJWJSMV.js?v=e56e6e77:19763:15)
    at performUnitOfWork (http://localhost:5173/node_modules/.vite/deps/chunk-UIJWJSMV.js?v=e56e6e77:19196:20)
    at workLoopSync (http://localhost:5173/node_modules/.vite/deps/chunk-UIJWJSMV.js?v=e56e6e77:19135:13)
[    8842ms] ReferenceError: Router is not defined
    at App (http://localhost:5173/src/App.jsx?t=1774805846259:520:182)
    at renderWithHooks (http://localhost:5173/node_modules/.vite/deps/chunk-UIJWJSMV.js?v=e56e6e77:11546:26)
    at mountIndeterminateComponent (http://localhost:5173/node_modules/.vite/deps/chunk-UIJWJSMV.js?v=e56e6e77:14924:21)
    at beginWork (http://localhost:5173/node_modules/.vite/deps/chunk-UIJWJSMV.js?v=e56e6e77:15912:22)
    at HTMLUnknownElement.callCallback2 (http://localhost:5173/node_modules/.vite/deps/chunk-UIJWJSMV.js?v=e56e6e77:3672:22)
    at Object.invokeGuardedCallbackDev (http://localhost:5173/node_modules/.vite/deps/chunk-UIJWJSMV.js?v=e56e6e77:3697:24)
    at invokeGuardedCallback (http://localhost:5173/node_modules/.vite/deps/chunk-UIJWJSMV.js?v=e56e6e77:3731:39)
    at beginWork$1 (http://localhost:5173/node_modules/.vite/deps/chunk-UIJWJSMV.js?v=e56e6e77:19763:15)
    at performUnitOfWork (http://localhost:5173/node_modules/.vite/deps/chunk-UIJWJSMV.js?v=e56e6e77:19196:20)
    at workLoopSync (http://localhost:5173/node_modules/.vite/deps/chunk-UIJWJSMV.js?v=e56e6e77:19135:13)
[    8810ms] [ERROR] The above error occurred in the <App> component:

    at App (http://localhost:5173/src/App.jsx?t=1774805846259:519:39)

Consider adding an error boundary to your tree to customize error handling behavior.
Visit https://reactjs.org/link/error-boundaries to learn more about error boundaries. @ http://localhost:5173/node_modules/.vite/deps/chunk-UIJWJSMV.js?v=e56e6e77:14029
[    8844ms] ReferenceError: Router is not defined
    at App (http://localhost:5173/src/App.jsx?t=1774805846259:520:182)
    at renderWithHooks (http://localhost:5173/node_modules/.vite/deps/chunk-UIJWJSMV.js?v=e56e6e77:11546:26)
    at mountIndeterminateComponent (http://localhost:5173/node_modules/.vite/deps/chunk-UIJWJSMV.js?v=e56e6e77:14924:21)
    at beginWork (http://localhost:5173/node_modules/.vite/deps/chunk-UIJWJSMV.js?v=e56e6e77:15912:22)
    at beginWork$1 (http://localhost:5173/node_modules/.vite/deps/chunk-UIJWJSMV.js?v=e56e6e77:19751:22)
    at performUnitOfWork (http://localhost:5173/node_modules/.vite/deps/chunk-UIJWJSMV.js?v=e56e6e77:19196:20)
    at workLoopSync (http://localhost:5173/node_modules/.vite/deps/chunk-UIJWJSMV.js?v=e56e6e77:19135:13)
    at renderRootSync (http://localhost:5173/node_modules/.vite/deps/chunk-UIJWJSMV.js?v=e56e6e77:19114:15)
    at recoverFromConcurrentError (http://localhost:5173/node_modules/.vite/deps/chunk-UIJWJSMV.js?v=e56e6e77:18734:28)
    at performConcurrentWorkOnRoot (http://localhost:5173/node_modules/.vite/deps/chunk-UIJWJSMV.js?v=e56e6e77:18682:30)
[ 4694923ms] [ERROR] Failed to load resource: the server responded with a status of 503 (Service Unavailable) @ http://localhost:3000/api/notifications:0
[ 4694936ms] [ERROR] Failed to fetch notifications Error: Service crm unavailable
    at request (http://localhost:5173/src/api.js?t=1774793257123:53:11)
    at async fetchNotifications (http://localhost:5173/src/components/NotificationBell.jsx?t=1774793257123:44:24) @ http://localhost:5173/src/components/NotificationBell.jsx?t=1774793257123:46
